Got 3 nodes!
-- The C compiler identification is Clang 11.0.0
-- Check for working C compiler: /usr/local/bin/clang
-- Check for working C compiler: /usr/local/bin/clang -- works
-- Detecting C compiler ABI info
-- Detecting C compiler ABI info - done
-- Detecting C compile features
-- Detecting C compile features - done
-- Setting build type to 'Release' as none was specified.
-- Looking for sgemm_
-- Looking for sgemm_ - not found
-- Looking for pthread.h
-- Looking for pthread.h - found
-- Looking for pthread_create
-- Looking for pthread_create - not found
-- Looking for pthread_create in pthreads
-- Looking for pthread_create in pthreads - not found
-- Looking for pthread_create in pthread
-- Looking for pthread_create in pthread - found
-- Found Threads: TRUE  
-- Looking for sgemm_
-- Looking for sgemm_ - found
-- Found BLAS: /usr/local/lib/libblas.so  
-- Looking for cheev_
-- Looking for cheev_ - found
-- A library with LAPACK API found.
-- BLAS(TRUE)
-- LAPACK(TRUE)
-- Found Generic BLAS
-- vendor All, linker flags `'
-- Looking for cblas_cgemm
-- Looking for cblas_cgemm - not found
-- Could NOT find MKL (missing: MKL_INCLUDE_DIRS MKL_LIBRARIES) 
-- Could NOT find OpenBLAS (missing: OpenBLAS_INCLUDE_DIRS OpenBLAS_LIBRARIES) 
-- Found NetlibCblas: /usr/local/include  
-- Found CBLAS: /usr/local/include  
-- Could NOT find MKL (missing: MKL_INCLUDE_DIRS MKL_LIBRARIES) 
-- Could NOT find OpenBLAS (missing: OpenBLAS_INCLUDE_DIRS OpenBLAS_LIBRARIES) 
-- Found NetlibLapacke: /usr/local/include  
-- Found LAPACKE: /usr/local/include  
-- Found OpenMP_C: -fopenmp=libomp  
-- Found OpenMP: TRUE   
-- Configuring done
-- Generating done
-- Build files have been written to: /home/carlacc/MC970/plasma-project-crl123/build_9160634.kahuna
Scanning dependencies of target plasma_core_blas
[  0%] Building C object CMakeFiles/plasma_core_blas.dir/core_blas/core_dcabs1.c.o
[  0%] Building C object CMakeFiles/plasma_core_blas.dir/core_blas/core_clag2z.c.o
[  0%] Building C object CMakeFiles/plasma_core_blas.dir/core_blas/core_scabs1.c.o
[  1%] Building C object CMakeFiles/plasma_core_blas.dir/core_blas/core_zgeadd.c.o
[  1%] Building C object CMakeFiles/plasma_core_blas.dir/core_blas/core_zgelqt.c.o
[  1%] Building C object CMakeFiles/plasma_core_blas.dir/core_blas/core_dzamax.c.o
[  1%] Building C object CMakeFiles/plasma_core_blas.dir/core_blas/core_zgemm.c.o
[  1%] Building C object CMakeFiles/plasma_core_blas.dir/core_blas/core_zgeqrt.c.o
[  1%] Building C object CMakeFiles/plasma_core_blas.dir/core_blas/core_zgessq.c.o
[  2%] Building C object CMakeFiles/plasma_core_blas.dir/core_blas/core_zhegst.c.o
[  2%] Building C object CMakeFiles/plasma_core_blas.dir/core_blas/core_zgeswp.c.o
[  2%] Building C object CMakeFiles/plasma_core_blas.dir/core_blas/core_zgetrf.c.o
[  2%] Building C object CMakeFiles/plasma_core_blas.dir/core_blas/core_zhemm.c.o
[  2%] Building C object CMakeFiles/plasma_core_blas.dir/core_blas/core_zher2k.c.o
[  2%] Building C object CMakeFiles/plasma_core_blas.dir/core_blas/core_zherk.c.o
[  2%] Building C object CMakeFiles/plasma_core_blas.dir/core_blas/core_zheswp.c.o
[  2%] Building C object CMakeFiles/plasma_core_blas.dir/core_blas/core_zhessq.c.o
[  2%] Building C object CMakeFiles/plasma_core_blas.dir/core_blas/core_zlacpy_band.c.o
[  3%] Building C object CMakeFiles/plasma_core_blas.dir/core_blas/core_zlag2c.c.o
[  3%] Building C object CMakeFiles/plasma_core_blas.dir/core_blas/core_zlange.c.o
[  3%] Building C object CMakeFiles/plasma_core_blas.dir/core_blas/core_zlacpy.c.o
[  3%] Building C object CMakeFiles/plasma_core_blas.dir/core_blas/core_zlansy.c.o
[  3%] Building C object CMakeFiles/plasma_core_blas.dir/core_blas/core_zlanhe.c.o
[  3%] Building C object CMakeFiles/plasma_core_blas.dir/core_blas/core_zlantr.c.o
[  3%] Building C object CMakeFiles/plasma_core_blas.dir/core_blas/core_zlascl.c.o
[  3%] Building C object CMakeFiles/plasma_core_blas.dir/core_blas/core_zlaset.c.o
[  4%] Building C object CMakeFiles/plasma_core_blas.dir/core_blas/core_zpamm.c.o
[  4%] Building C object CMakeFiles/plasma_core_blas.dir/core_blas/core_zlauum.c.o
[  4%] Building C object CMakeFiles/plasma_core_blas.dir/core_blas/core_zpemv.c.o
[  4%] Building C object CMakeFiles/plasma_core_blas.dir/core_blas/core_zparfb.c.o
[  4%] Building C object CMakeFiles/plasma_core_blas.dir/core_blas/core_zpotrf.c.o
[  4%] Building C object CMakeFiles/plasma_core_blas.dir/core_blas/core_zsymm.c.o
[  4%] Building C object CMakeFiles/plasma_core_blas.dir/core_blas/core_zsyr2k.c.o
[  4%] Building C object CMakeFiles/plasma_core_blas.dir/core_blas/core_zsyrk.c.o
[  5%] Building C object CMakeFiles/plasma_core_blas.dir/core_blas/core_zsyssq.c.o
[  5%] Building C object CMakeFiles/plasma_core_blas.dir/core_blas/core_ztradd.c.o
[  5%] Building C object CMakeFiles/plasma_core_blas.dir/core_blas/core_ztrmm.c.o
[  5%] Building C object CMakeFiles/plasma_core_blas.dir/core_blas/core_ztrsm.c.o
[  5%] Building C object CMakeFiles/plasma_core_blas.dir/core_blas/core_ztrssq.c.o
[  5%] Building C object CMakeFiles/plasma_core_blas.dir/core_blas/core_ztrtri.c.o
[  5%] Building C object CMakeFiles/plasma_core_blas.dir/core_blas/core_ztslqt.c.o
[  6%] Building C object CMakeFiles/plasma_core_blas.dir/core_blas/core_ztsmqr.c.o
[  6%] Building C object CMakeFiles/plasma_core_blas.dir/core_blas/core_ztsmlq.c.o
[  6%] Building C object CMakeFiles/plasma_core_blas.dir/core_blas/core_ztsqrt.c.o
[  6%] Building C object CMakeFiles/plasma_core_blas.dir/core_blas/core_zttlqt.c.o
[  6%] Building C object CMakeFiles/plasma_core_blas.dir/core_blas/core_zttmqr.c.o
[  6%] Building C object CMakeFiles/plasma_core_blas.dir/core_blas/core_zttmlq.c.o
[  6%] Building C object CMakeFiles/plasma_core_blas.dir/core_blas/core_zttqrt.c.o
[  6%] Building C object CMakeFiles/plasma_core_blas.dir/core_blas/core_zunmlq.c.o
[  7%] Building C object CMakeFiles/plasma_core_blas.dir/core_blas/core_zunmqr.c.o
[  7%] Building C object CMakeFiles/plasma_core_blas.dir/core_blas/core_cgeadd.c.o
[  7%] Building C object CMakeFiles/plasma_core_blas.dir/core_blas/core_cgemm.c.o
[  7%] Building C object CMakeFiles/plasma_core_blas.dir/core_blas/core_cgeswp.c.o
[  7%] Building C object CMakeFiles/plasma_core_blas.dir/core_blas/core_cgetrf.c.o
[  7%] Building C object CMakeFiles/plasma_core_blas.dir/core_blas/core_cheswp.c.o
[  7%] Building C object CMakeFiles/plasma_core_blas.dir/core_blas/core_clacpy.c.o
[  7%] Building C object CMakeFiles/plasma_core_blas.dir/core_blas/core_clacpy_band.c.o
[  8%] Building C object CMakeFiles/plasma_core_blas.dir/core_blas/core_cparfb.c.o
[  8%] Building C object CMakeFiles/plasma_core_blas.dir/core_blas/core_ctrsm.c.o
[  8%] Building C object CMakeFiles/plasma_core_blas.dir/core_blas/core_dgeadd.c.o
[  8%] Building C object CMakeFiles/plasma_core_blas.dir/core_blas/core_dgemm.c.o
[  8%] Building C object CMakeFiles/plasma_core_blas.dir/core_blas/core_dgeswp.c.o
[  8%] Building C object CMakeFiles/plasma_core_blas.dir/core_blas/core_dgetrf.c.o
[  8%] Building C object CMakeFiles/plasma_core_blas.dir/core_blas/core_dlacpy.c.o
[  9%] Building C object CMakeFiles/plasma_core_blas.dir/core_blas/core_dlacpy_band.c.o
[  9%] Building C object CMakeFiles/plasma_core_blas.dir/core_blas/core_dparfb.c.o
[  9%] Building C object CMakeFiles/plasma_core_blas.dir/core_blas/core_dsyswp.c.o
[  9%] Building C object CMakeFiles/plasma_core_blas.dir/core_blas/core_dtrsm.c.o
[  9%] Building C object CMakeFiles/plasma_core_blas.dir/core_blas/core_sgeadd.c.o
[  9%] Building C object CMakeFiles/plasma_core_blas.dir/core_blas/core_sgemm.c.o
[  9%] Building C object CMakeFiles/plasma_core_blas.dir/core_blas/core_sgeswp.c.o
[  9%] Building C object CMakeFiles/plasma_core_blas.dir/core_blas/core_sgetrf.c.o
[ 10%] Building C object CMakeFiles/plasma_core_blas.dir/core_blas/core_sparfb.c.o
[ 10%] Building C object CMakeFiles/plasma_core_blas.dir/core_blas/core_slacpy_band.c.o
[ 10%] Building C object CMakeFiles/plasma_core_blas.dir/core_blas/core_slacpy.c.o
[ 10%] Building C object CMakeFiles/plasma_core_blas.dir/core_blas/core_ssyswp.c.o
[ 10%] Building C object CMakeFiles/plasma_core_blas.dir/core_blas/core_strsm.c.o
[ 10%] Building C object CMakeFiles/plasma_core_blas.dir/core_blas/core_cgelqt.c.o
[ 10%] Building C object CMakeFiles/plasma_core_blas.dir/core_blas/core_cgeqrt.c.o
[ 10%] Building C object CMakeFiles/plasma_core_blas.dir/core_blas/core_cgessq.c.o
[ 11%] Building C object CMakeFiles/plasma_core_blas.dir/core_blas/core_chegst.c.o
[ 11%] Building C object CMakeFiles/plasma_core_blas.dir/core_blas/core_chemm.c.o
[ 11%] Building C object CMakeFiles/plasma_core_blas.dir/core_blas/core_cher2k.c.o
[ 11%] Building C object CMakeFiles/plasma_core_blas.dir/core_blas/core_cherk.c.o
[ 11%] Building C object CMakeFiles/plasma_core_blas.dir/core_blas/core_chessq.c.o
[ 11%] Building C object CMakeFiles/plasma_core_blas.dir/core_blas/core_clange.c.o
[ 11%] Building C object CMakeFiles/plasma_core_blas.dir/core_blas/core_clanhe.c.o
[ 12%] Building C object CMakeFiles/plasma_core_blas.dir/core_blas/core_clansy.c.o
[ 12%] Building C object CMakeFiles/plasma_core_blas.dir/core_blas/core_clantr.c.o
[ 12%] Building C object CMakeFiles/plasma_core_blas.dir/core_blas/core_clascl.c.o
[ 12%] Building C object CMakeFiles/plasma_core_blas.dir/core_blas/core_claset.c.o
[ 12%] Building C object CMakeFiles/plasma_core_blas.dir/core_blas/core_clauum.c.o
[ 12%] Building C object CMakeFiles/plasma_core_blas.dir/core_blas/core_cpamm.c.o
[ 12%] Building C object CMakeFiles/plasma_core_blas.dir/core_blas/core_cpemv.c.o
[ 12%] Building C object CMakeFiles/plasma_core_blas.dir/core_blas/core_cpotrf.c.o
[ 13%] Building C object CMakeFiles/plasma_core_blas.dir/core_blas/core_csymm.c.o
[ 13%] Building C object CMakeFiles/plasma_core_blas.dir/core_blas/core_csyr2k.c.o
[ 13%] Building C object CMakeFiles/plasma_core_blas.dir/core_blas/core_csyrk.c.o
[ 13%] Building C object CMakeFiles/plasma_core_blas.dir/core_blas/core_csyssq.c.o
[ 13%] Building C object CMakeFiles/plasma_core_blas.dir/core_blas/core_ctradd.c.o
[ 13%] Building C object CMakeFiles/plasma_core_blas.dir/core_blas/core_ctrmm.c.o
[ 13%] Building C object CMakeFiles/plasma_core_blas.dir/core_blas/core_ctrssq.c.o
[ 13%] Building C object CMakeFiles/plasma_core_blas.dir/core_blas/core_ctrtri.c.o
[ 14%] Building C object CMakeFiles/plasma_core_blas.dir/core_blas/core_ctslqt.c.o
[ 14%] Building C object CMakeFiles/plasma_core_blas.dir/core_blas/core_ctsmlq.c.o
[ 14%] Building C object CMakeFiles/plasma_core_blas.dir/core_blas/core_ctsmqr.c.o
[ 14%] Building C object CMakeFiles/plasma_core_blas.dir/core_blas/core_ctsqrt.c.o
[ 14%] Building C object CMakeFiles/plasma_core_blas.dir/core_blas/core_cttlqt.c.o
[ 14%] Building C object CMakeFiles/plasma_core_blas.dir/core_blas/core_cttmlq.c.o
[ 14%] Building C object CMakeFiles/plasma_core_blas.dir/core_blas/core_cttmqr.c.o
[ 15%] Building C object CMakeFiles/plasma_core_blas.dir/core_blas/core_cttqrt.c.o
[ 15%] Building C object CMakeFiles/plasma_core_blas.dir/core_blas/core_cunmlq.c.o
[ 15%] Building C object CMakeFiles/plasma_core_blas.dir/core_blas/core_cunmqr.c.o
[ 15%] Building C object CMakeFiles/plasma_core_blas.dir/core_blas/core_damax.c.o
[ 15%] Building C object CMakeFiles/plasma_core_blas.dir/core_blas/core_dgelqt.c.o
[ 15%] Building C object CMakeFiles/plasma_core_blas.dir/core_blas/core_dgeqrt.c.o
[ 15%] Building C object CMakeFiles/plasma_core_blas.dir/core_blas/core_dgessq.c.o
[ 15%] Building C object CMakeFiles/plasma_core_blas.dir/core_blas/core_dlag2s.c.o
[ 16%] Building C object CMakeFiles/plasma_core_blas.dir/core_blas/core_dlange.c.o
[ 16%] Building C object CMakeFiles/plasma_core_blas.dir/core_blas/core_dlansy.c.o
[ 16%] Building C object CMakeFiles/plasma_core_blas.dir/core_blas/core_dlantr.c.o
[ 16%] Building C object CMakeFiles/plasma_core_blas.dir/core_blas/core_dlascl.c.o
[ 16%] Building C object CMakeFiles/plasma_core_blas.dir/core_blas/core_dlaset.c.o
[ 16%] Building C object CMakeFiles/plasma_core_blas.dir/core_blas/core_dlauum.c.o
[ 16%] Building C object CMakeFiles/plasma_core_blas.dir/core_blas/core_dormlq.c.o
[ 16%] Building C object CMakeFiles/plasma_core_blas.dir/core_blas/core_dormqr.c.o
[ 17%] Building C object CMakeFiles/plasma_core_blas.dir/core_blas/core_dpamm.c.o
[ 17%] Building C object CMakeFiles/plasma_core_blas.dir/core_blas/core_dpemv.c.o
[ 17%] Building C object CMakeFiles/plasma_core_blas.dir/core_blas/core_dpotrf.c.o
[ 17%] Building C object CMakeFiles/plasma_core_blas.dir/core_blas/core_dsygst.c.o
[ 17%] Building C object CMakeFiles/plasma_core_blas.dir/core_blas/core_dsymm.c.o
[ 17%] Building C object CMakeFiles/plasma_core_blas.dir/core_blas/core_dsyr2k.c.o
[ 17%] Building C object CMakeFiles/plasma_core_blas.dir/core_blas/core_dsyrk.c.o
[ 18%] Building C object CMakeFiles/plasma_core_blas.dir/core_blas/core_dtradd.c.o
[ 18%] Building C object CMakeFiles/plasma_core_blas.dir/core_blas/core_dsyssq.c.o
[ 18%] Building C object CMakeFiles/plasma_core_blas.dir/core_blas/core_dtrmm.c.o
[ 18%] Building C object CMakeFiles/plasma_core_blas.dir/core_blas/core_dtrssq.c.o
[ 18%] Building C object CMakeFiles/plasma_core_blas.dir/core_blas/core_dtrtri.c.o
[ 18%] Building C object CMakeFiles/plasma_core_blas.dir/core_blas/core_dtslqt.c.o
[ 18%] Building C object CMakeFiles/plasma_core_blas.dir/core_blas/core_dtsmlq.c.o
[ 18%] Building C object CMakeFiles/plasma_core_blas.dir/core_blas/core_dtsmqr.c.o
[ 19%] Building C object CMakeFiles/plasma_core_blas.dir/core_blas/core_dtsqrt.c.o
[ 19%] Building C object CMakeFiles/plasma_core_blas.dir/core_blas/core_dttlqt.c.o
[ 19%] Building C object CMakeFiles/plasma_core_blas.dir/core_blas/core_dttmlq.c.o
[ 19%] Building C object CMakeFiles/plasma_core_blas.dir/core_blas/core_dttmqr.c.o
[ 19%] Building C object CMakeFiles/plasma_core_blas.dir/core_blas/core_dttqrt.c.o
[ 19%] Building C object CMakeFiles/plasma_core_blas.dir/core_blas/core_samax.c.o
[ 19%] Building C object CMakeFiles/plasma_core_blas.dir/core_blas/core_scamax.c.o
[ 19%] Building C object CMakeFiles/plasma_core_blas.dir/core_blas/core_sgelqt.c.o
[ 20%] Building C object CMakeFiles/plasma_core_blas.dir/core_blas/core_sgeqrt.c.o
[ 20%] Building C object CMakeFiles/plasma_core_blas.dir/core_blas/core_sgessq.c.o
[ 20%] Building C object CMakeFiles/plasma_core_blas.dir/core_blas/core_slag2d.c.o
[ 20%] Building C object CMakeFiles/plasma_core_blas.dir/core_blas/core_slange.c.o
[ 20%] Building C object CMakeFiles/plasma_core_blas.dir/core_blas/core_slansy.c.o
[ 20%] Building C object CMakeFiles/plasma_core_blas.dir/core_blas/core_slantr.c.o
[ 20%] Building C object CMakeFiles/plasma_core_blas.dir/core_blas/core_slascl.c.o
[ 20%] Building C object CMakeFiles/plasma_core_blas.dir/core_blas/core_slaset.c.o
[ 21%] Building C object CMakeFiles/plasma_core_blas.dir/core_blas/core_slauum.c.o
[ 21%] Building C object CMakeFiles/plasma_core_blas.dir/core_blas/core_sormlq.c.o
[ 21%] Building C object CMakeFiles/plasma_core_blas.dir/core_blas/core_sormqr.c.o
[ 21%] Building C object CMakeFiles/plasma_core_blas.dir/core_blas/core_spemv.c.o
[ 21%] Building C object CMakeFiles/plasma_core_blas.dir/core_blas/core_spamm.c.o
[ 21%] Building C object CMakeFiles/plasma_core_blas.dir/core_blas/core_spotrf.c.o
[ 21%] Building C object CMakeFiles/plasma_core_blas.dir/core_blas/core_ssygst.c.o
[ 22%] Building C object CMakeFiles/plasma_core_blas.dir/core_blas/core_ssymm.c.o
[ 22%] Building C object CMakeFiles/plasma_core_blas.dir/core_blas/core_ssyr2k.c.o
[ 22%] Building C object CMakeFiles/plasma_core_blas.dir/core_blas/core_ssyrk.c.o
[ 22%] Building C object CMakeFiles/plasma_core_blas.dir/core_blas/core_ssyssq.c.o
[ 22%] Building C object CMakeFiles/plasma_core_blas.dir/core_blas/core_stradd.c.o
[ 22%] Building C object CMakeFiles/plasma_core_blas.dir/core_blas/core_strmm.c.o
[ 22%] Building C object CMakeFiles/plasma_core_blas.dir/core_blas/core_strssq.c.o
[ 22%] Building C object CMakeFiles/plasma_core_blas.dir/core_blas/core_strtri.c.o
[ 23%] Building C object CMakeFiles/plasma_core_blas.dir/core_blas/core_stslqt.c.o
[ 23%] Building C object CMakeFiles/plasma_core_blas.dir/core_blas/core_stsmlq.c.o
[ 23%] Building C object CMakeFiles/plasma_core_blas.dir/core_blas/core_stsmqr.c.o
[ 23%] Building C object CMakeFiles/plasma_core_blas.dir/core_blas/core_stsqrt.c.o
[ 23%] Building C object CMakeFiles/plasma_core_blas.dir/core_blas/core_sttlqt.c.o
[ 23%] Building C object CMakeFiles/plasma_core_blas.dir/core_blas/core_sttmlq.c.o
[ 23%] Building C object CMakeFiles/plasma_core_blas.dir/core_blas/core_sttmqr.c.o
[ 23%] Building C object CMakeFiles/plasma_core_blas.dir/core_blas/core_sttqrt.c.o
[ 24%] Building C object CMakeFiles/plasma_core_blas.dir/control/async.c.o
[ 24%] Building C object CMakeFiles/plasma_core_blas.dir/control/barrier.c.o
[ 24%] Linking C shared library libplasma_core_blas.so
[ 24%] Built target plasma_core_blas
Scanning dependencies of target plasma
[ 24%] Building C object CMakeFiles/plasma.dir/compute/clag2z.c.o
[ 24%] Building C object CMakeFiles/plasma.dir/compute/dzamax.c.o
[ 24%] Building C object CMakeFiles/plasma.dir/compute/scamax.c.o
[ 24%] Building C object CMakeFiles/plasma.dir/compute/samax.c.o
[ 24%] Building C object CMakeFiles/plasma.dir/compute/damax.c.o
[ 24%] Building C object CMakeFiles/plasma.dir/compute/pclag2z.c.o
[ 24%] Building C object CMakeFiles/plasma.dir/compute/pdzamax.c.o
[ 25%] Building C object CMakeFiles/plasma.dir/compute/pzdesc2tr.c.o
[ 25%] Building C object CMakeFiles/plasma.dir/compute/pzdesc2pb.c.o
[ 25%] Building C object CMakeFiles/plasma.dir/compute/pzgbtrf.c.o
[ 25%] Building C object CMakeFiles/plasma.dir/compute/pzdesc2ge.c.o
[ 25%] Building C object CMakeFiles/plasma.dir/compute/pzge2desc.c.o
[ 25%] Building C object CMakeFiles/plasma.dir/compute/pzgeadd.c.o
[ 25%] Building C object CMakeFiles/plasma.dir/compute/pzgelqf_tree.c.o
[ 25%] Building C object CMakeFiles/plasma.dir/compute/pzgelqf.c.o
[ 26%] Building C object CMakeFiles/plasma.dir/compute/pzgeqrf.c.o
[ 26%] Building C object CMakeFiles/plasma.dir/compute/pzgeqrf_tree.c.o
[ 26%] Building C object CMakeFiles/plasma.dir/compute/pzgeswp.c.o
[ 26%] Building C object CMakeFiles/plasma.dir/compute/pzgetri_aux.c.o
[ 26%] Building C object CMakeFiles/plasma.dir/compute/pzhemm.c.o
[ 26%] Building C object CMakeFiles/plasma.dir/compute/pzher2k.c.o
[ 26%] Building C object CMakeFiles/plasma.dir/compute/pzherk.c.o
[ 27%] Building C object CMakeFiles/plasma.dir/compute/pzgemm.c.o
[ 27%] Building C object CMakeFiles/plasma.dir/compute/pzhetrf_aasen.c.o
[ 27%] Building C object CMakeFiles/plasma.dir/compute/pzlacpy.c.o
[ 27%] Building C object CMakeFiles/plasma.dir/compute/pzlag2c.c.o
[ 27%] Building C object CMakeFiles/plasma.dir/compute/pzlangb.c.o
[ 27%] Building C object CMakeFiles/plasma.dir/compute/pzlange.c.o
[ 27%] Building C object CMakeFiles/plasma.dir/compute/pzlanhe.c.o
[ 27%] Building C object CMakeFiles/plasma.dir/compute/pzlansy.c.o
[ 28%] Building C object CMakeFiles/plasma.dir/compute/pzlascl.c.o
[ 28%] Building C object CMakeFiles/plasma.dir/compute/pzlaset.c.o
[ 28%] Building C object CMakeFiles/plasma.dir/compute/pzlantr.c.o
[ 28%] Building C object CMakeFiles/plasma.dir/compute/pzlauum.c.o
[ 28%] Building C object CMakeFiles/plasma.dir/compute/pzpb2desc.c.o
[ 28%] Building C object CMakeFiles/plasma.dir/compute/pzpbtrf.c.o
[ 28%] Building C object CMakeFiles/plasma.dir/compute/pzpotrf.c.o
[ 28%] Building C object CMakeFiles/plasma.dir/compute/pzsymm.c.o
[ 29%] Building C object CMakeFiles/plasma.dir/compute/pzsyr2k.c.o
[ 29%] Building C object CMakeFiles/plasma.dir/compute/pzsyrk.c.o
[ 29%] Building C object CMakeFiles/plasma.dir/compute/pztbsm.c.o
[ 29%] Building C object CMakeFiles/plasma.dir/compute/pztr2desc.c.o
[ 29%] Building C object CMakeFiles/plasma.dir/compute/pztradd.c.o
[ 29%] Building C object CMakeFiles/plasma.dir/compute/pztrmm.c.o
[ 29%] Building C object CMakeFiles/plasma.dir/compute/pztrsm.c.o
[ 29%] Building C object CMakeFiles/plasma.dir/compute/pztrtri.c.o
[ 30%] Building C object CMakeFiles/plasma.dir/compute/pzunglq.c.o
[ 30%] Building C object CMakeFiles/plasma.dir/compute/pzunglq_tree.c.o
[ 30%] Building C object CMakeFiles/plasma.dir/compute/pzungqr.c.o
[ 30%] Building C object CMakeFiles/plasma.dir/compute/pzungqr_tree.c.o
[ 30%] Building C object CMakeFiles/plasma.dir/compute/pzunmlq.c.o
[ 30%] Building C object CMakeFiles/plasma.dir/compute/pzunmlq_tree.c.o
[ 30%] Building C object CMakeFiles/plasma.dir/compute/pzunmqr.c.o
[ 31%] Building C object CMakeFiles/plasma.dir/compute/pzunmqr_tree.c.o
[ 31%] Building C object CMakeFiles/plasma.dir/compute/zcgbsv.c.o
[ 31%] Building C object CMakeFiles/plasma.dir/compute/zcposv.c.o
[ 31%] Building C object CMakeFiles/plasma.dir/compute/zdesc2ge.c.o
[ 31%] Building C object CMakeFiles/plasma.dir/compute/zdesc2pb.c.o
[ 31%] Building C object CMakeFiles/plasma.dir/compute/zdesc2tr.c.o
[ 31%] Building C object CMakeFiles/plasma.dir/compute/zgbsv.c.o
[ 31%] Building C object CMakeFiles/plasma.dir/compute/zgbtrf.c.o
[ 32%] Building C object CMakeFiles/plasma.dir/compute/zgbtrs.c.o
[ 32%] Building C object CMakeFiles/plasma.dir/compute/zge2desc.c.o
[ 32%] Building C object CMakeFiles/plasma.dir/compute/zgeadd.c.o
[ 32%] Building C object CMakeFiles/plasma.dir/compute/zgelqf.c.o
[ 32%] Building C object CMakeFiles/plasma.dir/compute/zgelqs.c.o
[ 32%] Building C object CMakeFiles/plasma.dir/compute/zgemm.c.o
[ 32%] Building C object CMakeFiles/plasma.dir/compute/zgels.c.o
[ 32%] Building C object CMakeFiles/plasma.dir/compute/zgeqrf.c.o
[ 33%] Building C object CMakeFiles/plasma.dir/compute/zgeqrs.c.o
[ 33%] Building C object CMakeFiles/plasma.dir/compute/zgeswp.c.o
[ 33%] Building C object CMakeFiles/plasma.dir/compute/zgetri_aux.c.o
[ 33%] Building C object CMakeFiles/plasma.dir/compute/zgetri.c.o
[ 33%] Building C object CMakeFiles/plasma.dir/compute/zgetrs.c.o
[ 33%] Building C object CMakeFiles/plasma.dir/compute/zhemm.c.o
[ 33%] Building C object CMakeFiles/plasma.dir/compute/zher2k.c.o
[ 34%] Building C object CMakeFiles/plasma.dir/compute/zherk.c.o
[ 34%] Building C object CMakeFiles/plasma.dir/compute/zhesv.c.o
[ 34%] Building C object CMakeFiles/plasma.dir/compute/zhetrf.c.o
[ 34%] Building C object CMakeFiles/plasma.dir/compute/zhetrs.c.o
[ 34%] Building C object CMakeFiles/plasma.dir/compute/zlacpy.c.o
[ 34%] Building C object CMakeFiles/plasma.dir/compute/zlag2c.c.o
[ 34%] Building C object CMakeFiles/plasma.dir/compute/zlangb.c.o
[ 34%] Building C object CMakeFiles/plasma.dir/compute/zlange.c.o
[ 35%] Building C object CMakeFiles/plasma.dir/compute/zlanhe.c.o
[ 35%] Building C object CMakeFiles/plasma.dir/compute/zlansy.c.o
[ 35%] Building C object CMakeFiles/plasma.dir/compute/zlantr.c.o
[ 35%] Building C object CMakeFiles/plasma.dir/compute/zlascl.c.o
[ 35%] Building C object CMakeFiles/plasma.dir/compute/zlaset.c.o
[ 35%] Building C object CMakeFiles/plasma.dir/compute/zlauum.c.o
[ 35%] Building C object CMakeFiles/plasma.dir/compute/zpb2desc.c.o
[ 35%] Building C object CMakeFiles/plasma.dir/compute/zpbsv.c.o
[ 36%] Building C object CMakeFiles/plasma.dir/compute/zpbtrf.c.o
[ 36%] Building C object CMakeFiles/plasma.dir/compute/zpbtrs.c.o
[ 36%] Building C object CMakeFiles/plasma.dir/compute/zpoinv.c.o
[ 36%] Building C object CMakeFiles/plasma.dir/compute/zposv.c.o
[ 36%] Building C object CMakeFiles/plasma.dir/compute/zpotrf.c.o
[ 36%] Building C object CMakeFiles/plasma.dir/compute/zpotri.c.o
[ 36%] Building C object CMakeFiles/plasma.dir/compute/zpotrs.c.o
[ 37%] Building C object CMakeFiles/plasma.dir/compute/zsymm.c.o
[ 37%] Building C object CMakeFiles/plasma.dir/compute/zsyr2k.c.o
[ 37%] Building C object CMakeFiles/plasma.dir/compute/zsyrk.c.o
[ 37%] Building C object CMakeFiles/plasma.dir/compute/ztr2desc.c.o
[ 37%] Building C object CMakeFiles/plasma.dir/compute/ztradd.c.o
[ 37%] Building C object CMakeFiles/plasma.dir/compute/ztrmm.c.o
[ 37%] Building C object CMakeFiles/plasma.dir/compute/ztrsm.c.o
[ 37%] Building C object CMakeFiles/plasma.dir/compute/ztrtri.c.o
[ 38%] Building C object CMakeFiles/plasma.dir/compute/zunglq.c.o
[ 38%] Building C object CMakeFiles/plasma.dir/compute/zungqr.c.o
[ 38%] Building C object CMakeFiles/plasma.dir/compute/zunmlq.c.o
[ 38%] Building C object CMakeFiles/plasma.dir/compute/zunmqr.c.o
[ 38%] Building C object CMakeFiles/plasma.dir/compute/cgelqf.c.o
[ 38%] Building C object CMakeFiles/plasma.dir/compute/cgemm.c.o
[ 38%] Building C object CMakeFiles/plasma.dir/compute/cgeqrf.c.o
[ 38%] Building C object CMakeFiles/plasma.dir/compute/cpotrf.c.o
[ 39%] Building C object CMakeFiles/plasma.dir/compute/cpotrs.c.o
[ 39%] Building C object CMakeFiles/plasma.dir/compute/csymm.c.o
[ 39%] Building C object CMakeFiles/plasma.dir/compute/csyr2k.c.o
[ 39%] Building C object CMakeFiles/plasma.dir/compute/csyrk.c.o
[ 39%] Building C object CMakeFiles/plasma.dir/compute/ctradd.c.o
[ 39%] Building C object CMakeFiles/plasma.dir/compute/ctrmm.c.o
[ 39%] Building C object CMakeFiles/plasma.dir/compute/ctrsm.c.o
[ 39%] Building C object CMakeFiles/plasma.dir/compute/ctrtri.c.o
[ 40%] Building C object CMakeFiles/plasma.dir/compute/cunglq.c.o
[ 40%] Building C object CMakeFiles/plasma.dir/compute/cungqr.c.o
[ 40%] Building C object CMakeFiles/plasma.dir/compute/cunmlq.c.o
[ 40%] Building C object CMakeFiles/plasma.dir/compute/cunmqr.c.o
[ 40%] Building C object CMakeFiles/plasma.dir/compute/dgelqf.c.o
[ 40%] Building C object CMakeFiles/plasma.dir/compute/dgemm.c.o
[ 40%] Building C object CMakeFiles/plasma.dir/compute/dgeqrf.c.o
[ 41%] Building C object CMakeFiles/plasma.dir/compute/dorgqr.c.o
[ 41%] Building C object CMakeFiles/plasma.dir/compute/dormlq.c.o
[ 41%] Building C object CMakeFiles/plasma.dir/compute/dormqr.c.o
[ 41%] Building C object CMakeFiles/plasma.dir/compute/dpotrf.c.o
[ 41%] Building C object CMakeFiles/plasma.dir/compute/dpotrs.c.o
[ 41%] Building C object CMakeFiles/plasma.dir/compute/dorglq.c.o
[ 41%] Building C object CMakeFiles/plasma.dir/compute/dsymm.c.o
[ 41%] Building C object CMakeFiles/plasma.dir/compute/dsyr2k.c.o
[ 42%] Building C object CMakeFiles/plasma.dir/compute/dtrmm.c.o
[ 42%] Building C object CMakeFiles/plasma.dir/compute/dtradd.c.o
[ 42%] Building C object CMakeFiles/plasma.dir/compute/dtrsm.c.o
[ 42%] Building C object CMakeFiles/plasma.dir/compute/dtrtri.c.o
[ 42%] Building C object CMakeFiles/plasma.dir/compute/dsyrk.c.o
[ 42%] Building C object CMakeFiles/plasma.dir/compute/sgelqf.c.o
[ 42%] Building C object CMakeFiles/plasma.dir/compute/sgemm.c.o
[ 42%] Building C object CMakeFiles/plasma.dir/compute/sgeqrf.c.o
[ 43%] Building C object CMakeFiles/plasma.dir/compute/sorglq.c.o
[ 43%] Building C object CMakeFiles/plasma.dir/compute/sorgqr.c.o
[ 43%] Building C object CMakeFiles/plasma.dir/compute/sormlq.c.o
[ 43%] Building C object CMakeFiles/plasma.dir/compute/sormqr.c.o
[ 43%] Building C object CMakeFiles/plasma.dir/compute/spotrf.c.o
[ 43%] Building C object CMakeFiles/plasma.dir/compute/spotrs.c.o
[ 43%] Building C object CMakeFiles/plasma.dir/compute/ssymm.c.o
[ 44%] Building C object CMakeFiles/plasma.dir/compute/ssyr2k.c.o
[ 44%] Building C object CMakeFiles/plasma.dir/compute/ssyrk.c.o
[ 44%] Building C object CMakeFiles/plasma.dir/compute/stradd.c.o
[ 44%] Building C object CMakeFiles/plasma.dir/compute/strmm.c.o
[ 44%] Building C object CMakeFiles/plasma.dir/compute/strsm.c.o
[ 44%] Building C object CMakeFiles/plasma.dir/compute/strtri.c.o
[ 44%] Building C object CMakeFiles/plasma.dir/compute/dsposv.c.o
[ 44%] Building C object CMakeFiles/plasma.dir/compute/dgbsv.c.o
[ 45%] Building C object CMakeFiles/plasma.dir/compute/cgbsv.c.o
[ 45%] Building C object CMakeFiles/plasma.dir/compute/sgbsv.c.o
[ 45%] Building C object CMakeFiles/plasma.dir/compute/dgbtrf.c.o
[ 45%] Building C object CMakeFiles/plasma.dir/compute/dgbtrs.c.o
[ 45%] Building C object CMakeFiles/plasma.dir/compute/cgbtrf.c.o
[ 45%] Building C object CMakeFiles/plasma.dir/compute/cgbtrs.c.o
[ 45%] Building C object CMakeFiles/plasma.dir/compute/sgbtrf.c.o
[ 45%] Building C object CMakeFiles/plasma.dir/compute/sgbtrs.c.o
[ 46%] Building C object CMakeFiles/plasma.dir/compute/cgeadd.c.o
[ 46%] Building C object CMakeFiles/plasma.dir/compute/dgeadd.c.o
[ 46%] Building C object CMakeFiles/plasma.dir/compute/sgeadd.c.o
[ 46%] Building C object CMakeFiles/plasma.dir/compute/dgelqs.c.o
[ 46%] Building C object CMakeFiles/plasma.dir/compute/cgelqs.c.o
[ 46%] Building C object CMakeFiles/plasma.dir/compute/sgelqs.c.o
[ 46%] Building C object CMakeFiles/plasma.dir/compute/dgels.c.o
[ 47%] Building C object CMakeFiles/plasma.dir/compute/sgels.c.o
[ 47%] Building C object CMakeFiles/plasma.dir/compute/cgels.c.o
[ 47%] Building C object CMakeFiles/plasma.dir/compute/dgeqrs.c.o
[ 47%] Building C object CMakeFiles/plasma.dir/compute/cgeqrs.c.o
[ 47%] Building C object CMakeFiles/plasma.dir/compute/sgeqrs.c.o
[ 47%] Building C object CMakeFiles/plasma.dir/compute/dsgbsv.c.o
[ 47%] Building C object CMakeFiles/plasma.dir/compute/dgetri.c.o
[ 47%] Building C object CMakeFiles/plasma.dir/compute/cgetri.c.o
[ 48%] Building C object CMakeFiles/plasma.dir/compute/sgetri.c.o
[ 48%] Building C object CMakeFiles/plasma.dir/compute/dgetri_aux.c.o
[ 48%] Building C object CMakeFiles/plasma.dir/compute/cgetri_aux.c.o
[ 48%] Building C object CMakeFiles/plasma.dir/compute/sgetri_aux.c.o
[ 48%] Building C object CMakeFiles/plasma.dir/compute/dgetrs.c.o
[ 48%] Building C object CMakeFiles/plasma.dir/compute/cgetrs.c.o
[ 48%] Building C object CMakeFiles/plasma.dir/compute/sgetrs.c.o
[ 48%] Building C object CMakeFiles/plasma.dir/compute/chemm.c.o
[ 49%] Building C object CMakeFiles/plasma.dir/compute/cher2k.c.o
[ 49%] Building C object CMakeFiles/plasma.dir/compute/cherk.c.o
[ 49%] Building C object CMakeFiles/plasma.dir/compute/dsytrf.c.o
[ 49%] Building C object CMakeFiles/plasma.dir/compute/dsytrs.c.o
[ 49%] Building C object CMakeFiles/plasma.dir/compute/chetrf.c.o
[ 49%] Building C object CMakeFiles/plasma.dir/compute/chetrs.c.o
[ 49%] Building C object CMakeFiles/plasma.dir/compute/ssytrf.c.o
[ 50%] Building C object CMakeFiles/plasma.dir/compute/ssytrs.c.o
[ 50%] Building C object CMakeFiles/plasma.dir/compute/dsysv.c.o
[ 50%] Building C object CMakeFiles/plasma.dir/compute/chesv.c.o
[ 50%] Building C object CMakeFiles/plasma.dir/compute/ssysv.c.o
[ 50%] Building C object CMakeFiles/plasma.dir/compute/dlacpy.c.o
[ 50%] Building C object CMakeFiles/plasma.dir/compute/clacpy.c.o
[ 50%] Building C object CMakeFiles/plasma.dir/compute/slacpy.c.o
[ 50%] Building C object CMakeFiles/plasma.dir/compute/dlag2s.c.o
[ 51%] Building C object CMakeFiles/plasma.dir/compute/slag2d.c.o
[ 51%] Building C object CMakeFiles/plasma.dir/compute/dlange.c.o
[ 51%] Building C object CMakeFiles/plasma.dir/compute/clange.c.o
[ 51%] Building C object CMakeFiles/plasma.dir/compute/slange.c.o
[ 51%] Building C object CMakeFiles/plasma.dir/compute/clanhe.c.o
[ 51%] Building C object CMakeFiles/plasma.dir/compute/dlansy.c.o
[ 51%] Building C object CMakeFiles/plasma.dir/compute/clansy.c.o
[ 51%] Building C object CMakeFiles/plasma.dir/compute/slansy.c.o
[ 52%] Building C object CMakeFiles/plasma.dir/compute/dlantr.c.o
[ 52%] Building C object CMakeFiles/plasma.dir/compute/clantr.c.o
[ 52%] Building C object CMakeFiles/plasma.dir/compute/slantr.c.o
[ 52%] Building C object CMakeFiles/plasma.dir/compute/dlascl.c.o
[ 52%] Building C object CMakeFiles/plasma.dir/compute/clascl.c.o
[ 52%] Building C object CMakeFiles/plasma.dir/compute/slascl.c.o
[ 52%] Building C object CMakeFiles/plasma.dir/compute/dlaset.c.o
[ 52%] Building C object CMakeFiles/plasma.dir/compute/claset.c.o
[ 53%] Building C object CMakeFiles/plasma.dir/compute/dgeswp.c.o
[ 53%] Building C object CMakeFiles/plasma.dir/compute/slaset.c.o
[ 53%] Building C object CMakeFiles/plasma.dir/compute/cgeswp.c.o
[ 53%] Building C object CMakeFiles/plasma.dir/compute/sgeswp.c.o
[ 53%] Building C object CMakeFiles/plasma.dir/compute/dlauum.c.o
[ 53%] Building C object CMakeFiles/plasma.dir/compute/clauum.c.o
[ 53%] Building C object CMakeFiles/plasma.dir/compute/slauum.c.o
[ 54%] Building C object CMakeFiles/plasma.dir/compute/dpbsv.c.o
[ 54%] Building C object CMakeFiles/plasma.dir/compute/cpbsv.c.o
[ 54%] Building C object CMakeFiles/plasma.dir/compute/spbsv.c.o
[ 54%] Building C object CMakeFiles/plasma.dir/compute/dpbtrf.c.o
[ 54%] Building C object CMakeFiles/plasma.dir/compute/dpbtrs.c.o
[ 54%] Building C object CMakeFiles/plasma.dir/compute/cpbtrf.c.o
[ 54%] Building C object CMakeFiles/plasma.dir/compute/cpbtrs.c.o
[ 54%] Building C object CMakeFiles/plasma.dir/compute/spbtrf.c.o
[ 55%] Building C object CMakeFiles/plasma.dir/compute/spbtrs.c.o
[ 55%] Building C object CMakeFiles/plasma.dir/compute/dlangb.c.o
[ 55%] Building C object CMakeFiles/plasma.dir/compute/clangb.c.o
[ 55%] Building C object CMakeFiles/plasma.dir/compute/slangb.c.o
[ 55%] Building C object CMakeFiles/plasma.dir/compute/dposv.c.o
[ 55%] Building C object CMakeFiles/plasma.dir/compute/cposv.c.o
[ 55%] Building C object CMakeFiles/plasma.dir/compute/sposv.c.o
[ 55%] Building C object CMakeFiles/plasma.dir/compute/dpoinv.c.o
[ 56%] Building C object CMakeFiles/plasma.dir/compute/spoinv.c.o
[ 56%] Building C object CMakeFiles/plasma.dir/compute/dpotri.c.o
[ 56%] Building C object CMakeFiles/plasma.dir/compute/cpotri.c.o
[ 56%] Building C object CMakeFiles/plasma.dir/compute/spotri.c.o
[ 56%] Building C object CMakeFiles/plasma.dir/compute/pslange.c.o
[ 56%] Building C object CMakeFiles/plasma.dir/compute/cpoinv.c.o
[ 56%] Building C object CMakeFiles/plasma.dir/compute/pclaset.c.o
[ 57%] Building C object CMakeFiles/plasma.dir/compute/psorglq_tree.c.o
[ 57%] Building C object CMakeFiles/plasma.dir/compute/psormqr_tree.c.o
[ 57%] Building C object CMakeFiles/plasma.dir/compute/pdgelqf_tree.c.o
[ 57%] Building C object CMakeFiles/plasma.dir/compute/pslag2d.c.o
[ 57%] Building C object CMakeFiles/plasma.dir/compute/pcunmqr_tree.c.o
[ 57%] Building C object CMakeFiles/plasma.dir/compute/psgeqrf_tree.c.o
[ 57%] Building C object CMakeFiles/plasma.dir/compute/pspotrf.c.o
[ 57%] Building C object CMakeFiles/plasma.dir/compute/pdsytrf_aasen.c.o
[ 58%] Building C object CMakeFiles/plasma.dir/compute/pslauum.c.o
[ 58%] Building C object CMakeFiles/plasma.dir/compute/pssytrf_aasen.c.o
[ 58%] Building C object CMakeFiles/plasma.dir/compute/pstrsm.c.o
[ 58%] Building C object CMakeFiles/plasma.dir/compute/psgeqrf.c.o
[ 58%] Building C object CMakeFiles/plasma.dir/compute/pcgelqf_tree.c.o
[ 58%] Building C object CMakeFiles/plasma.dir/compute/pcunglq_tree.c.o
[ 58%] Building C object CMakeFiles/plasma.dir/compute/pctrmm.c.o
[ 58%] Building C object CMakeFiles/plasma.dir/compute/pstrtri.c.o
[ 59%] Building C object CMakeFiles/plasma.dir/compute/pcungqr_tree.c.o
[ 59%] Building C object CMakeFiles/plasma.dir/compute/pcsymm.c.o
[ 59%] Building C object CMakeFiles/plasma.dir/compute/psormqr.c.o
[ 59%] Building C object CMakeFiles/plasma.dir/compute/pdgemm.c.o
[ 59%] Building C object CMakeFiles/plasma.dir/compute/pdlacpy.c.o
[ 59%] Building C object CMakeFiles/plasma.dir/compute/psgeadd.c.o
[ 59%] Building C object CMakeFiles/plasma.dir/compute/pdtrmm.c.o
[ 60%] Building C object CMakeFiles/plasma.dir/compute/pcungqr.c.o
[ 60%] Building C object CMakeFiles/plasma.dir/compute/pcgemm.c.o
[ 60%] Building C object CMakeFiles/plasma.dir/compute/pslansy.c.o
[ 60%] Building C object CMakeFiles/plasma.dir/compute/pdtradd.c.o
[ 60%] Building C object CMakeFiles/plasma.dir/compute/pdormqr_tree.c.o
[ 60%] Building C object CMakeFiles/plasma.dir/compute/pdtbsm.c.o
[ 60%] Building C object CMakeFiles/plasma.dir/compute/psormlq.c.o
[ 60%] Building C object CMakeFiles/plasma.dir/compute/pdpotrf.c.o
[ 61%] Building C object CMakeFiles/plasma.dir/compute/pchemm.c.o
[ 61%] Building C object CMakeFiles/plasma.dir/compute/pcunglq.c.o
[ 61%] Building C object CMakeFiles/plasma.dir/compute/psgeswp.c.o
[ 61%] Building C object CMakeFiles/plasma.dir/compute/pcher2k.c.o
[ 61%] Building C object CMakeFiles/plasma.dir/compute/pdgetri_aux.c.o
[ 61%] Building C object CMakeFiles/plasma.dir/compute/pcgeqrf_tree.c.o
[ 61%] Building C object CMakeFiles/plasma.dir/compute/pdorglq.c.o
[ 61%] Building C object CMakeFiles/plasma.dir/compute/pdlange.c.o
[ 62%] Building C object CMakeFiles/plasma.dir/compute/pcunmlq_tree.c.o
[ 62%] Building C object CMakeFiles/plasma.dir/compute/pdgeqrf.c.o
[ 62%] Building C object CMakeFiles/plasma.dir/compute/pdlauum.c.o
[ 62%] Building C object CMakeFiles/plasma.dir/compute/pdlaset.c.o
[ 62%] Building C object CMakeFiles/plasma.dir/compute/pclascl.c.o
[ 62%] Building C object CMakeFiles/plasma.dir/compute/pclauum.c.o
[ 62%] Building C object CMakeFiles/plasma.dir/compute/pcgeadd.c.o
[ 63%] Building C object CMakeFiles/plasma.dir/compute/pdtrsm.c.o
[ 63%] Building C object CMakeFiles/plasma.dir/compute/pdorglq_tree.c.o
[ 63%] Building C object CMakeFiles/plasma.dir/compute/psorglq.c.o
[ 63%] Building C object CMakeFiles/plasma.dir/compute/pslangb.c.o
[ 63%] Building C object CMakeFiles/plasma.dir/compute/pdormlq_tree.c.o
[ 63%] Building C object CMakeFiles/plasma.dir/compute/pcherk.c.o
[ 63%] Building C object CMakeFiles/plasma.dir/compute/pcpbtrf.c.o
[ 63%] Building C object CMakeFiles/plasma.dir/compute/psgemm.c.o
[ 64%] Building C object CMakeFiles/plasma.dir/compute/pdlascl.c.o
[ 64%] Building C object CMakeFiles/plasma.dir/compute/pdgeqrf_tree.c.o
[ 64%] Building C object CMakeFiles/plasma.dir/compute/pdsyr2k.c.o
[ 64%] Building C object CMakeFiles/plasma.dir/compute/pdlantr.c.o
[ 64%] Building C object CMakeFiles/plasma.dir/compute/pdgeadd.c.o
[ 64%] Building C object CMakeFiles/plasma.dir/compute/pclansy.c.o
[ 64%] Building C object CMakeFiles/plasma.dir/compute/psgetri_aux.c.o
[ 64%] Building C object CMakeFiles/plasma.dir/compute/pclantr.c.o
[ 65%] Building C object CMakeFiles/plasma.dir/compute/pcgbtrf.c.o
[ 65%] Building C object CMakeFiles/plasma.dir/compute/pstradd.c.o
[ 65%] Building C object CMakeFiles/plasma.dir/compute/pcsyrk.c.o
[ 65%] Building C object CMakeFiles/plasma.dir/compute/pctradd.c.o
[ 65%] Building C object CMakeFiles/plasma.dir/compute/psgelqf_tree.c.o
[ 65%] Building C object CMakeFiles/plasma.dir/compute/pslantr.c.o
[ 65%] Building C object CMakeFiles/plasma.dir/compute/pdlag2s.c.o
[ 66%] Building C object CMakeFiles/plasma.dir/compute/pssymm.c.o
[ 66%] Building C object CMakeFiles/plasma.dir/compute/pchetrf_aasen.c.o
[ 66%] Building C object CMakeFiles/plasma.dir/compute/pcunmqr.c.o
[ 66%] Building C object CMakeFiles/plasma.dir/compute/pclacpy.c.o
[ 66%] Building C object CMakeFiles/plasma.dir/compute/pdsyrk.c.o
[ 66%] Building C object CMakeFiles/plasma.dir/compute/pcsyr2k.c.o
[ 66%] Building C object CMakeFiles/plasma.dir/compute/pdgelqf.c.o
[ 66%] Building C object CMakeFiles/plasma.dir/compute/pdamax.c.o
[ 67%] Building C object CMakeFiles/plasma.dir/compute/pslacpy.c.o
[ 67%] Building C object CMakeFiles/plasma.dir/compute/pdormqr.c.o
[ 67%] Building C object CMakeFiles/plasma.dir/compute/pctrsm.c.o
[ 67%] Building C object CMakeFiles/plasma.dir/compute/pclangb.c.o
[ 67%] Building C object CMakeFiles/plasma.dir/compute/pdlangb.c.o
[ 67%] Building C object CMakeFiles/plasma.dir/compute/pscamax.c.o
[ 67%] Building C object CMakeFiles/plasma.dir/compute/pdpbtrf.c.o
[ 67%] Building C object CMakeFiles/plasma.dir/compute/pcgeqrf.c.o
[ 68%] Building C object CMakeFiles/plasma.dir/compute/pdgbtrf.c.o
[ 68%] Building C object CMakeFiles/plasma.dir/compute/psamax.c.o
[ 68%] Building C object CMakeFiles/plasma.dir/compute/pslascl.c.o
[ 68%] Building C object CMakeFiles/plasma.dir/compute/psgbtrf.c.o
[ 68%] Building C object CMakeFiles/plasma.dir/compute/pdgeswp.c.o
[ 68%] Building C object CMakeFiles/plasma.dir/compute/pspbtrf.c.o
[ 68%] Building C object CMakeFiles/plasma.dir/compute/pctbsm.c.o
[ 68%] Building C object CMakeFiles/plasma.dir/compute/pdorgqr.c.o
[ 69%] Building C object CMakeFiles/plasma.dir/compute/pcgelqf.c.o
[ 69%] Building C object CMakeFiles/plasma.dir/compute/pcpotrf.c.o
[ 69%] Building C object CMakeFiles/plasma.dir/compute/pstbsm.c.o
[ 69%] Building C object CMakeFiles/plasma.dir/compute/pstrmm.c.o
[ 69%] Building C object CMakeFiles/plasma.dir/compute/pssyr2k.c.o
[ 69%] Building C object CMakeFiles/plasma.dir/compute/pclange.c.o
[ 69%] Building C object CMakeFiles/plasma.dir/compute/psorgqr.c.o
[ 70%] Building C object CMakeFiles/plasma.dir/compute/psormlq_tree.c.o
[ 70%] Building C object CMakeFiles/plasma.dir/compute/pssyrk.c.o
[ 70%] Building C object CMakeFiles/plasma.dir/compute/pdorgqr_tree.c.o
[ 70%] Building C object CMakeFiles/plasma.dir/compute/pdsymm.c.o
[ 70%] Building C object CMakeFiles/plasma.dir/compute/pslaset.c.o
[ 70%] Building C object CMakeFiles/plasma.dir/compute/pdlansy.c.o
[ 70%] Building C object CMakeFiles/plasma.dir/compute/pcgeswp.c.o
[ 70%] Building C object CMakeFiles/plasma.dir/compute/psorgqr_tree.c.o
[ 71%] Building C object CMakeFiles/plasma.dir/compute/pctrtri.c.o
[ 71%] Building C object CMakeFiles/plasma.dir/compute/pcgetri_aux.c.o
[ 71%] Building C object CMakeFiles/plasma.dir/compute/pdormlq.c.o
[ 71%] Building C object CMakeFiles/plasma.dir/compute/pcunmlq.c.o
[ 71%] Building C object CMakeFiles/plasma.dir/compute/pclanhe.c.o
[ 71%] Building C object CMakeFiles/plasma.dir/compute/pdtrtri.c.o
[ 71%] Building C object CMakeFiles/plasma.dir/compute/psgelqf.c.o
[ 71%] Building C object CMakeFiles/plasma.dir/compute/cdesc2ge.c.o
[ 72%] Building C object CMakeFiles/plasma.dir/compute/cdesc2pb.c.o
[ 72%] Building C object CMakeFiles/plasma.dir/compute/cdesc2tr.c.o
[ 72%] Building C object CMakeFiles/plasma.dir/compute/ddesc2ge.c.o
[ 72%] Building C object CMakeFiles/plasma.dir/compute/ddesc2pb.c.o
[ 72%] Building C object CMakeFiles/plasma.dir/compute/ddesc2tr.c.o
[ 72%] Building C object CMakeFiles/plasma.dir/compute/sdesc2ge.c.o
[ 72%] Building C object CMakeFiles/plasma.dir/compute/sdesc2pb.c.o
[ 73%] Building C object CMakeFiles/plasma.dir/compute/sdesc2tr.c.o
[ 73%] Building C object CMakeFiles/plasma.dir/compute/pcdesc2ge.c.o
[ 73%] Building C object CMakeFiles/plasma.dir/compute/pcdesc2pb.c.o
[ 73%] Building C object CMakeFiles/plasma.dir/compute/pcdesc2tr.c.o
[ 73%] Building C object CMakeFiles/plasma.dir/compute/pddesc2ge.c.o
[ 73%] Building C object CMakeFiles/plasma.dir/compute/pddesc2pb.c.o
[ 73%] Building C object CMakeFiles/plasma.dir/compute/pddesc2tr.c.o
[ 73%] Building C object CMakeFiles/plasma.dir/compute/psdesc2ge.c.o
[ 74%] Building C object CMakeFiles/plasma.dir/compute/psdesc2tr.c.o
[ 74%] Building C object CMakeFiles/plasma.dir/compute/psdesc2pb.c.o
[ 74%] Building C object CMakeFiles/plasma.dir/compute/cge2desc.c.o
[ 74%] Building C object CMakeFiles/plasma.dir/compute/cpb2desc.c.o
[ 74%] Building C object CMakeFiles/plasma.dir/compute/ctr2desc.c.o
[ 74%] Building C object CMakeFiles/plasma.dir/compute/dge2desc.c.o
[ 74%] Building C object CMakeFiles/plasma.dir/compute/dpb2desc.c.o
[ 74%] Building C object CMakeFiles/plasma.dir/compute/dtr2desc.c.o
[ 75%] Building C object CMakeFiles/plasma.dir/compute/sge2desc.c.o
[ 75%] Building C object CMakeFiles/plasma.dir/compute/spb2desc.c.o
[ 75%] Building C object CMakeFiles/plasma.dir/compute/str2desc.c.o
[ 75%] Building C object CMakeFiles/plasma.dir/compute/pcge2desc.c.o
[ 75%] Building C object CMakeFiles/plasma.dir/compute/pcpb2desc.c.o
[ 75%] Building C object CMakeFiles/plasma.dir/compute/pctr2desc.c.o
[ 75%] Building C object CMakeFiles/plasma.dir/compute/pdge2desc.c.o
[ 76%] Building C object CMakeFiles/plasma.dir/compute/pdpb2desc.c.o
[ 76%] Building C object CMakeFiles/plasma.dir/compute/pdtr2desc.c.o
[ 76%] Building C object CMakeFiles/plasma.dir/compute/psge2desc.c.o
[ 76%] Building C object CMakeFiles/plasma.dir/compute/pspb2desc.c.o
[ 76%] Building C object CMakeFiles/plasma.dir/compute/pstr2desc.c.o
[ 76%] Building C object CMakeFiles/plasma.dir/control/constants.c.o
[ 76%] Building C object CMakeFiles/plasma.dir/control/context.c.o
[ 76%] Building C object CMakeFiles/plasma.dir/control/descriptor.c.o
[ 77%] Building C object CMakeFiles/plasma.dir/control/tuning.c.o
[ 77%] Building C object CMakeFiles/plasma.dir/control/tree.c.o
[ 77%] Building C object CMakeFiles/plasma.dir/control/workspace.c.o
[ 77%] Building C object CMakeFiles/plasma.dir/control/version.c.o
[ 77%] Linking C shared library libplasma.so
[ 77%] Built target plasma
Scanning dependencies of target plasmatest
[ 77%] Building C object CMakeFiles/plasmatest.dir/test/test.c.o
[ 77%] Building C object CMakeFiles/plasmatest.dir/test/test_dzamax.c.o
[ 77%] Building C object CMakeFiles/plasmatest.dir/test/test_damax.c.o
[ 77%] Building C object CMakeFiles/plasmatest.dir/test/test_scamax.c.o
[ 78%] Building C object CMakeFiles/plasmatest.dir/test/test_dsposv.c.o
[ 78%] Building C object CMakeFiles/plasmatest.dir/test/test_zgbsv.c.o
[ 78%] Building C object CMakeFiles/plasmatest.dir/test/test_zcposv.c.o
[ 78%] Building C object CMakeFiles/plasmatest.dir/test/test_samax.c.o
[ 78%] Building C object CMakeFiles/plasmatest.dir/test/test_dgbsv.c.o
[ 78%] Building C object CMakeFiles/plasmatest.dir/test/test_cgbsv.c.o
[ 78%] Building C object CMakeFiles/plasmatest.dir/test/test_sgbsv.c.o
[ 78%] Building C object CMakeFiles/plasmatest.dir/test/test_zgbtrf.c.o
[ 79%] Building C object CMakeFiles/plasmatest.dir/test/test_cgbtrf.c.o
[ 79%] Building C object CMakeFiles/plasmatest.dir/test/test_sgbtrf.c.o
[ 79%] Building C object CMakeFiles/plasmatest.dir/test/test_dgbtrf.c.o
[ 79%] Building C object CMakeFiles/plasmatest.dir/test/test_zgeadd.c.o
[ 79%] Building C object CMakeFiles/plasmatest.dir/test/test_dgeadd.c.o
[ 79%] Building C object CMakeFiles/plasmatest.dir/test/test_cgeadd.c.o
[ 79%] Building C object CMakeFiles/plasmatest.dir/test/test_sgeadd.c.o
[ 79%] Building C object CMakeFiles/plasmatest.dir/test/test_zgelqf.c.o
[ 80%] Building C object CMakeFiles/plasmatest.dir/test/test_sgelqf.c.o
[ 80%] Building C object CMakeFiles/plasmatest.dir/test/test_cgelqf.c.o
[ 80%] Building C object CMakeFiles/plasmatest.dir/test/test_zgelqs.c.o
[ 80%] Building C object CMakeFiles/plasmatest.dir/test/test_dgelqf.c.o
[ 80%] Building C object CMakeFiles/plasmatest.dir/test/test_dgelqs.c.o
[ 80%] Building C object CMakeFiles/plasmatest.dir/test/test_cgelqs.c.o
[ 80%] Building C object CMakeFiles/plasmatest.dir/test/test_sgelqs.c.o
[ 81%] Building C object CMakeFiles/plasmatest.dir/test/test_zgels.c.o
[ 81%] Building C object CMakeFiles/plasmatest.dir/test/test_cgels.c.o
[ 81%] Building C object CMakeFiles/plasmatest.dir/test/test_dgels.c.o
[ 81%] Building C object CMakeFiles/plasmatest.dir/test/test_sgels.c.o
[ 81%] Building C object CMakeFiles/plasmatest.dir/test/test_zgemm.c.o
[ 81%] Building C object CMakeFiles/plasmatest.dir/test/test_dgemm.c.o
[ 81%] Building C object CMakeFiles/plasmatest.dir/test/test_cgemm.c.o
[ 81%] Building C object CMakeFiles/plasmatest.dir/test/test_sgemm.c.o
[ 82%] Building C object CMakeFiles/plasmatest.dir/test/test_zgeqrf.c.o
[ 82%] Building C object CMakeFiles/plasmatest.dir/test/test_dgeqrf.c.o
[ 82%] Building C object CMakeFiles/plasmatest.dir/test/test_cgeqrf.c.o
[ 82%] Building C object CMakeFiles/plasmatest.dir/test/test_sgeqrf.c.o
[ 82%] Building C object CMakeFiles/plasmatest.dir/test/test_zgeqrs.c.o
[ 82%] Building C object CMakeFiles/plasmatest.dir/test/test_dgeqrs.c.o
[ 82%] Building C object CMakeFiles/plasmatest.dir/test/test_cgeqrs.c.o
[ 82%] Building C object CMakeFiles/plasmatest.dir/test/test_sgeqrs.c.o
[ 83%] Building C object CMakeFiles/plasmatest.dir/test/test_zcgbsv.c.o
[ 83%] Building C object CMakeFiles/plasmatest.dir/test/test_dsgbsv.c.o
[ 83%] Building C object CMakeFiles/plasmatest.dir/test/test_zgetri.c.o
[ 83%] Building C object CMakeFiles/plasmatest.dir/test/test_dgetri.c.o
[ 83%] Building C object CMakeFiles/plasmatest.dir/test/test_cgetri.c.o
[ 83%] Building C object CMakeFiles/plasmatest.dir/test/test_sgetri.c.o
[ 83%] Building C object CMakeFiles/plasmatest.dir/test/test_zgetri_aux.c.o
[ 84%] Building C object CMakeFiles/plasmatest.dir/test/test_cgetri_aux.c.o
[ 84%] Building C object CMakeFiles/plasmatest.dir/test/test_dgetri_aux.c.o
[ 84%] Building C object CMakeFiles/plasmatest.dir/test/test_sgetri_aux.c.o
[ 84%] Building C object CMakeFiles/plasmatest.dir/test/test_chemm.c.o
[ 84%] Building C object CMakeFiles/plasmatest.dir/test/test_zhemm.c.o
[ 84%] Building C object CMakeFiles/plasmatest.dir/test/test_zher2k.c.o
[ 84%] Building C object CMakeFiles/plasmatest.dir/test/test_cher2k.c.o
[ 84%] Building C object CMakeFiles/plasmatest.dir/test/test_zherk.c.o
[ 85%] Building C object CMakeFiles/plasmatest.dir/test/test_cherk.c.o
[ 85%] Building C object CMakeFiles/plasmatest.dir/test/test_zhetrf.c.o
[ 85%] Building C object CMakeFiles/plasmatest.dir/test/test_dsytrf.c.o
[ 85%] Building C object CMakeFiles/plasmatest.dir/test/test_chetrf.c.o
[ 85%] Building C object CMakeFiles/plasmatest.dir/test/test_ssytrf.c.o
[ 85%] Building C object CMakeFiles/plasmatest.dir/test/test_zhesv.c.o
[ 85%] Building C object CMakeFiles/plasmatest.dir/test/test_dsysv.c.o
[ 85%] Building C object CMakeFiles/plasmatest.dir/test/test_chesv.c.o
[ 86%] Building C object CMakeFiles/plasmatest.dir/test/test_zlacpy.c.o
[ 86%] Building C object CMakeFiles/plasmatest.dir/test/test_dlacpy.c.o
[ 86%] Building C object CMakeFiles/plasmatest.dir/test/test_ssysv.c.o
[ 86%] Building C object CMakeFiles/plasmatest.dir/test/test_clacpy.c.o
[ 86%] Building C object CMakeFiles/plasmatest.dir/test/test_slacpy.c.o
[ 86%] Building C object CMakeFiles/plasmatest.dir/test/test_zlag2c.c.o
[ 86%] Building C object CMakeFiles/plasmatest.dir/test/test_clag2z.c.o
[ 86%] Building C object CMakeFiles/plasmatest.dir/test/test_dlag2s.c.o
[ 87%] Building C object CMakeFiles/plasmatest.dir/test/test_slag2d.c.o
[ 87%] Building C object CMakeFiles/plasmatest.dir/test/test_zlange.c.o
[ 87%] Building C object CMakeFiles/plasmatest.dir/test/test_dlange.c.o
[ 87%] Building C object CMakeFiles/plasmatest.dir/test/test_clange.c.o
[ 87%] Building C object CMakeFiles/plasmatest.dir/test/test_slange.c.o
[ 87%] Building C object CMakeFiles/plasmatest.dir/test/test_zlanhe.c.o
[ 87%] Building C object CMakeFiles/plasmatest.dir/test/test_clanhe.c.o
[ 88%] Building C object CMakeFiles/plasmatest.dir/test/test_zlansy.c.o
[ 88%] Building C object CMakeFiles/plasmatest.dir/test/test_dlansy.c.o
[ 88%] Building C object CMakeFiles/plasmatest.dir/test/test_clansy.c.o
[ 88%] Building C object CMakeFiles/plasmatest.dir/test/test_slansy.c.o
[ 88%] Building C object CMakeFiles/plasmatest.dir/test/test_zlantr.c.o
[ 88%] Building C object CMakeFiles/plasmatest.dir/test/test_dlantr.c.o
[ 88%] Building C object CMakeFiles/plasmatest.dir/test/test_clantr.c.o
[ 88%] Building C object CMakeFiles/plasmatest.dir/test/test_slantr.c.o
[ 89%] Building C object CMakeFiles/plasmatest.dir/test/test_zlascl.c.o
[ 89%] Building C object CMakeFiles/plasmatest.dir/test/test_dlascl.c.o
[ 89%] Building C object CMakeFiles/plasmatest.dir/test/test_clascl.c.o
[ 89%] Building C object CMakeFiles/plasmatest.dir/test/test_slascl.c.o
[ 89%] Building C object CMakeFiles/plasmatest.dir/test/test_zlaset.c.o
[ 89%] Building C object CMakeFiles/plasmatest.dir/test/test_dlaset.c.o
[ 89%] Building C object CMakeFiles/plasmatest.dir/test/test_claset.c.o
[ 89%] Building C object CMakeFiles/plasmatest.dir/test/test_slaset.c.o
[ 90%] Building C object CMakeFiles/plasmatest.dir/test/test_zgeswp.c.o
[ 90%] Building C object CMakeFiles/plasmatest.dir/test/test_dgeswp.c.o
[ 90%] Building C object CMakeFiles/plasmatest.dir/test/test_sgeswp.c.o
[ 90%] Building C object CMakeFiles/plasmatest.dir/test/test_cgeswp.c.o
[ 90%] Building C object CMakeFiles/plasmatest.dir/test/test_zlauum.c.o
[ 90%] Building C object CMakeFiles/plasmatest.dir/test/test_dlauum.c.o
[ 90%] Building C object CMakeFiles/plasmatest.dir/test/test_clauum.c.o
[ 91%] Building C object CMakeFiles/plasmatest.dir/test/test_slauum.c.o
[ 91%] Building C object CMakeFiles/plasmatest.dir/test/test_zpbsv.c.o
[ 91%] Building C object CMakeFiles/plasmatest.dir/test/test_dpbsv.c.o
[ 91%] Building C object CMakeFiles/plasmatest.dir/test/test_cpbsv.c.o
[ 91%] Building C object CMakeFiles/plasmatest.dir/test/test_spbsv.c.o
[ 91%] Building C object CMakeFiles/plasmatest.dir/test/test_zpbtrf.c.o
[ 91%] Building C object CMakeFiles/plasmatest.dir/test/test_dpbtrf.c.o
[ 91%] Building C object CMakeFiles/plasmatest.dir/test/test_cpbtrf.c.o
[ 92%] Building C object CMakeFiles/plasmatest.dir/test/test_spbtrf.c.o
[ 92%] Building C object CMakeFiles/plasmatest.dir/test/test_zlangb.c.o
[ 92%] Building C object CMakeFiles/plasmatest.dir/test/test_dlangb.c.o
[ 92%] Building C object CMakeFiles/plasmatest.dir/test/test_clangb.c.o
[ 92%] Building C object CMakeFiles/plasmatest.dir/test/test_slangb.c.o
[ 92%] Building C object CMakeFiles/plasmatest.dir/test/test_zposv.c.o
[ 92%] Building C object CMakeFiles/plasmatest.dir/test/test_dposv.c.o
[ 92%] Building C object CMakeFiles/plasmatest.dir/test/test_cposv.c.o
[ 93%] Building C object CMakeFiles/plasmatest.dir/test/test_sposv.c.o
[ 93%] Building C object CMakeFiles/plasmatest.dir/test/test_zpoinv.c.o
[ 93%] Building C object CMakeFiles/plasmatest.dir/test/test_dpoinv.c.o
[ 93%] Building C object CMakeFiles/plasmatest.dir/test/test_cpoinv.c.o
[ 93%] Building C object CMakeFiles/plasmatest.dir/test/test_spoinv.c.o
[ 93%] Building C object CMakeFiles/plasmatest.dir/test/test_zpotrf.c.o
[ 93%] Building C object CMakeFiles/plasmatest.dir/test/test_dpotrf.c.o
[ 94%] Building C object CMakeFiles/plasmatest.dir/test/test_cpotrf.c.o
[ 94%] Building C object CMakeFiles/plasmatest.dir/test/test_spotrf.c.o
[ 94%] Building C object CMakeFiles/plasmatest.dir/test/test_zpotri.c.o
[ 94%] Building C object CMakeFiles/plasmatest.dir/test/test_dpotri.c.o
[ 94%] Building C object CMakeFiles/plasmatest.dir/test/test_cpotri.c.o
[ 94%] Building C object CMakeFiles/plasmatest.dir/test/test_spotri.c.o
[ 94%] Building C object CMakeFiles/plasmatest.dir/test/test_zpotrs.c.o
[ 94%] Building C object CMakeFiles/plasmatest.dir/test/test_dpotrs.c.o
[ 95%] Building C object CMakeFiles/plasmatest.dir/test/test_cpotrs.c.o
[ 95%] Building C object CMakeFiles/plasmatest.dir/test/test_spotrs.c.o
[ 95%] Building C object CMakeFiles/plasmatest.dir/test/test_zsymm.c.o
[ 95%] Building C object CMakeFiles/plasmatest.dir/test/test_dsymm.c.o
[ 95%] Building C object CMakeFiles/plasmatest.dir/test/test_csymm.c.o
[ 95%] Building C object CMakeFiles/plasmatest.dir/test/test_ssymm.c.o
[ 95%] Building C object CMakeFiles/plasmatest.dir/test/test_zsyr2k.c.o
[ 95%] Building C object CMakeFiles/plasmatest.dir/test/test_dsyr2k.c.o
[ 96%] Building C object CMakeFiles/plasmatest.dir/test/test_csyr2k.c.o
[ 96%] Building C object CMakeFiles/plasmatest.dir/test/test_ssyr2k.c.o
[ 96%] Building C object CMakeFiles/plasmatest.dir/test/test_zsyrk.c.o
[ 96%] Building C object CMakeFiles/plasmatest.dir/test/test_dsyrk.c.o
[ 96%] Building C object CMakeFiles/plasmatest.dir/test/test_csyrk.c.o
[ 96%] Building C object CMakeFiles/plasmatest.dir/test/test_ssyrk.c.o
[ 96%] Building C object CMakeFiles/plasmatest.dir/test/test_ztradd.c.o
[ 97%] Building C object CMakeFiles/plasmatest.dir/test/test_ctradd.c.o
[ 97%] Building C object CMakeFiles/plasmatest.dir/test/test_dtradd.c.o
[ 97%] Building C object CMakeFiles/plasmatest.dir/test/test_stradd.c.o
[ 97%] Building C object CMakeFiles/plasmatest.dir/test/test_ztrmm.c.o
[ 97%] Building C object CMakeFiles/plasmatest.dir/test/test_dtrmm.c.o
[ 97%] Building C object CMakeFiles/plasmatest.dir/test/test_ctrmm.c.o
[ 97%] Building C object CMakeFiles/plasmatest.dir/test/test_strmm.c.o
[ 97%] Building C object CMakeFiles/plasmatest.dir/test/test_ztrsm.c.o
[ 98%] Building C object CMakeFiles/plasmatest.dir/test/test_dtrsm.c.o
[ 98%] Building C object CMakeFiles/plasmatest.dir/test/test_ctrsm.c.o
[ 98%] Building C object CMakeFiles/plasmatest.dir/test/test_strsm.c.o
[ 98%] Building C object CMakeFiles/plasmatest.dir/test/test_ztrtri.c.o
[ 98%] Building C object CMakeFiles/plasmatest.dir/test/test_dtrtri.c.o
[ 98%] Building C object CMakeFiles/plasmatest.dir/test/test_ctrtri.c.o
[ 98%] Building C object CMakeFiles/plasmatest.dir/test/test_strtri.c.o
[ 98%] Building C object CMakeFiles/plasmatest.dir/test/test_zunmlq.c.o
[ 99%] Building C object CMakeFiles/plasmatest.dir/test/test_dormlq.c.o
[ 99%] Building C object CMakeFiles/plasmatest.dir/test/test_cunmlq.c.o
[ 99%] Building C object CMakeFiles/plasmatest.dir/test/test_sormlq.c.o
[ 99%] Building C object CMakeFiles/plasmatest.dir/test/test_zunmqr.c.o
[ 99%] Building C object CMakeFiles/plasmatest.dir/test/test_dormqr.c.o
[ 99%] Building C object CMakeFiles/plasmatest.dir/test/test_cunmqr.c.o
[ 99%] Building C object CMakeFiles/plasmatest.dir/test/test_sormqr.c.o
[100%] Linking C executable plasmatest
[100%] Built target plasmatest

  Status      Error       Time    Gflop/s  transA  transB       m       n       k    nb           alpha            beta  padA  padB  padC

    pass   0.00e+00     0.4352     0.0771       n       n     256     256     256    64   1.23 +  2.35i   6.79 +  7.89i     0     0     0

